timestamp: 2021-06-30T12:09:54.802857
CREATE TABLE "auth_user"(
    "id" INTEGER PRIMARY KEY AUTOINCREMENT,
    "first_name" CHAR(128),
    "last_name" CHAR(128),
    "email" CHAR(512),
    "password" CHAR(512),
    "registration_key" CHAR(512),
    "reset_password_key" CHAR(512),
    "registration_id" CHAR(512)
);
success!
timestamp: 2021-06-30T12:09:54.924792
CREATE TABLE "auth_group"(
    "id" INTEGER PRIMARY KEY AUTOINCREMENT,
    "role" CHAR(512),
    "description" TEXT
);
success!
timestamp: 2021-06-30T12:09:55.051902
CREATE TABLE "auth_membership"(
    "id" INTEGER PRIMARY KEY AUTOINCREMENT,
    "user_id" INTEGER REFERENCES "auth_user" ("id") ON DELETE CASCADE  ,
    "group_id" INTEGER REFERENCES "auth_group" ("id") ON DELETE CASCADE  
);
success!
timestamp: 2021-06-30T12:09:55.192825
CREATE TABLE "auth_permission"(
    "id" INTEGER PRIMARY KEY AUTOINCREMENT,
    "group_id" INTEGER REFERENCES "auth_group" ("id") ON DELETE CASCADE  ,
    "name" CHAR(512),
    "table_name" CHAR(512),
    "record_id" INTEGER
);
success!
timestamp: 2021-06-30T12:09:55.313309
CREATE TABLE "auth_event"(
    "id" INTEGER PRIMARY KEY AUTOINCREMENT,
    "time_stamp" TIMESTAMP,
    "client_ip" CHAR(512),
    "user_id" INTEGER REFERENCES "auth_user" ("id") ON DELETE CASCADE  ,
    "origin" CHAR(512),
    "description" TEXT
);
success!
timestamp: 2021-06-30T12:09:55.446834
CREATE TABLE "auth_cas"(
    "id" INTEGER PRIMARY KEY AUTOINCREMENT,
    "user_id" INTEGER REFERENCES "auth_user" ("id") ON DELETE CASCADE  ,
    "created_on" TIMESTAMP,
    "service" CHAR(512),
    "ticket" CHAR(512),
    "renew" CHAR(1)
);
success!
timestamp: 2021-06-30T12:10:51.917700
CREATE TABLE "clientes"(
    "id" INTEGER PRIMARY KEY AUTOINCREMENT,
    "nome" CHAR(512),
    "cpf" INTEGER,
    "cep" INTEGER,
    "logradouro" CHAR(512),
    "num" CHAR(512),
    "bairro" CHAR(512),
    "cidade" CHAR(512),
    "uf" CHAR(512)
);
success!
timestamp: 2021-06-30T12:10:52.063164
CREATE TABLE "categorias"(
    "id" INTEGER PRIMARY KEY AUTOINCREMENT,
    "nome_categoria" CHAR(512)
);
success!
timestamp: 2021-06-30T12:10:52.215028
CREATE TABLE "produtos"(
    "id" INTEGER PRIMARY KEY AUTOINCREMENT,
    "nome" CHAR(512),
    "valor" DOUBLE,
    "quantidade" INTEGER,
    "imagemdoproduto" CHAR(512),
    "data_cadastro" TIMESTAMP,
    "categoria" INTEGER REFERENCES "categorias" ("id") ON DELETE CASCADE  
);
success!
timestamp: 2021-06-30T12:10:52.326084
CREATE TABLE "itens"(
    "id" INTEGER PRIMARY KEY AUTOINCREMENT,
    "pedido" INTEGER,
    "codigo_produto" INTEGER,
    "quantidade" DOUBLE,
    "valor" DOUBLE,
    "sub_total" DOUBLE
);
success!
timestamp: 2021-06-30T12:10:52.439131
CREATE TABLE "vendas"(
    "id" INTEGER PRIMARY KEY AUTOINCREMENT,
    "cliente_id" INTEGER,
    "nome" CHAR(512),
    "total_compra" DOUBLE,
    "forma_pagamento" CHAR(512),
    "status" CHAR(1)
);
success!
timestamp: 2021-09-20T17:28:39.241587
ALTER TABLE "clientes" ADD "data_cadastro" TIMESTAMP;
success!
success!
